{
  "RSpec": {
    "coverage": {
      "/Users/jessicamarais/Makers/Makers_Week10/bank_tech_test/spec/bank_account_spec.rb": [
        null,
        null,
        1,
        null,
        1,
        1,
        1,
        1,
        1,
        null,
        null,
        1,
        1,
        1,
        1,
        null,
        null,
        1,
        1,
        1,
        1,
        null,
        null,
        1,
        1,
        1,
        1,
        null,
        null,
        1,
        1,
        1,
        1,
        null,
        null,
        null,
        1,
        1,
        1,
        null,
        null,
        null,
        1,
        1,
        1,
        1,
        null,
        null,
        null,
        1,
        1,
        1,
        1,
        null,
        1,
        1,
        null,
        null,
        null
      ],
      "/Users/jessicamarais/Makers/Makers_Week10/bank_tech_test/lib/bank_account.rb": [
        null,
        null,
        1,
        1,
        null,
        1,
        1,
        9,
        9,
        null,
        null,
        1,
        25,
        null,
        null,
        1,
        8,
        8,
        8,
        8,
        null,
        null,
        1,
        4,
        3,
        3,
        3,
        3,
        null,
        1,
        null,
        null,
        null,
        1,
        5,
        null,
        null,
        1,
        null,
        1,
        36,
        null,
        null,
        1,
        11,
        null,
        null
      ],
      "/Users/jessicamarais/Makers/Makers_Week10/bank_tech_test/lib/display.rb": [
        null,
        null,
        null,
        1,
        1,
        null,
        1,
        55,
        null,
        null,
        1,
        5,
        5,
        8,
        null,
        5,
        null,
        null,
        1,
        37,
        null,
        null,
        1,
        12,
        null,
        null
      ],
      "/Users/jessicamarais/Makers/Makers_Week10/bank_tech_test/lib/transactions.rb": [
        null,
        null,
        null,
        1,
        1,
        null,
        1,
        12,
        null,
        null,
        1,
        12,
        9,
        3,
        3,
        null,
        null,
        null
      ],
      "/Users/jessicamarais/Makers/Makers_Week10/bank_tech_test/spec/display_spec.rb": [
        null,
        1,
        null,
        1,
        null,
        4,
        4,
        1,
        null,
        1,
        1,
        1,
        null,
        null,
        null,
        1,
        1,
        1,
        null,
        null,
        null,
        1,
        1,
        1,
        null,
        null,
        null
      ],
      "/Users/jessicamarais/Makers/Makers_Week10/bank_tech_test/spec/transactions_spec.rb": [
        null,
        null,
        1,
        null,
        1,
        1,
        1,
        1,
        1,
        1,
        null,
        null,
        null,
        null,
        null,
        null
      ]
    },
    "timestamp": 1574888213
  }
}
