{
  "RSpec": {
    "coverage": {
      "/Users/jessicamarais/Makers/Makers_Week10/bank_tech_test/spec/bank_account_spec.rb": [
        null,
        null,
        1,
        null,
        1,
        1,
        1,
        1,
        1,
        null,
        null,
        1,
        1,
        1,
        1,
        null,
        null,
        1,
        1,
        1,
        1,
        null,
        null,
        1,
        1,
        1,
        1,
        null,
        null,
        1,
        1,
        1,
        1,
        null,
        null,
        null,
        1,
        1,
        1,
        null,
        null,
        null,
        1,
        1,
        1,
        1,
        null,
        null,
        null,
        1,
        1,
        1,
        1,
        null,
        1,
        1,
        null,
        null,
        null
      ],
      "/Users/jessicamarais/Makers/Makers_Week10/bank_tech_test/lib/bank_account.rb": [
        null,
        null,
        1,
        1,
        null,
        1,
        1,
        9,
        9,
        9,
        9,
        null,
        null,
        1,
        14,
        null,
        null,
        1,
        8,
        8,
        8,
        8,
        null,
        null,
        1,
        4,
        3,
        3,
        3,
        3,
        null,
        1,
        null,
        null,
        null,
        1,
        5,
        null,
        null,
        null
      ],
      "/Users/jessicamarais/Makers/Makers_Week10/bank_tech_test/lib/display.rb": [
        null,
        null,
        null,
        1,
        1,
        null,
        1,
        14,
        null,
        null,
        1,
        6,
        6,
        9,
        null,
        6,
        null,
        null,
        1,
        41,
        null,
        null,
        1,
        14,
        null,
        null,
        1,
        4,
        null,
        null,
        1,
        9,
        null,
        null
      ],
      "/Users/jessicamarais/Makers/Makers_Week10/bank_tech_test/lib/transactions.rb": [
        null,
        null,
        null,
        1,
        1,
        null,
        1,
        10,
        null,
        null,
        1,
        12,
        9,
        3,
        3,
        null,
        null,
        null
      ],
      "/Users/jessicamarais/Makers/Makers_Week10/bank_tech_test/spec/display_spec.rb": [
        null,
        null,
        1,
        null,
        1,
        6,
        6,
        1,
        null,
        1,
        1,
        1,
        1,
        1,
        null,
        null,
        null,
        1,
        1,
        1,
        null,
        null,
        null,
        1,
        1,
        1,
        1,
        null,
        null,
        null,
        1,
        1,
        1,
        1,
        null,
        null,
        null,
        1,
        1,
        1,
        1,
        null,
        null,
        null
      ],
      "/Users/jessicamarais/Makers/Makers_Week10/bank_tech_test/spec/transactions_spec.rb": [
        null,
        null,
        1,
        null,
        1,
        1,
        1,
        1,
        1,
        1,
        null,
        null,
        null
      ]
    },
    "timestamp": 1576064824
  }
}
